COMPILER == 'shell.py"
[KEYWORDS]:
    global_symbol_table = SymbolTable()
    global_symbol_table.set("NULL", Number.null)
    global_symbol_table.set("FALSE", Number.false)
    global_symbol_table.set("TRUE", Number.true)
    global_symbol_table.set("MATH_PI", Number.math_PI)
    global_symbol_table.set("PRINT", BuiltInFunction.print)
    global_symbol_table.set("PRINT_RET", BuiltInFunction.print_ret)
    global_symbol_table.set("INPUT", BuiltInFunction.input)
    global_symbol_table.set("INPUT_INT", BuiltInFunction.input_int)
    global_symbol_table.set("CLEAR", BuiltInFunction.clear)
    global_symbol_table.set("CLS", BuiltInFunction.clear)
    global_symbol_table.set("IS_NUM", BuiltInFunction.is_number)
    global_symbol_table.set("IS_STR", BuiltInFunction.is_string)
    global_symbol_table.set("IS_LIST", BuiltInFunction.is_list)
    global_symbol_table.set("IS_FUN", BuiltInFunction.is_function)
    global_symbol_table.set("APPEND", BuiltInFunction.append)
    global_symbol_table.set("POP", BuiltInFunction.pop)
    global_symbol_table.set("EXTEND", BuiltInFunction.extend)
    global_symbol_table.set("LEN", BuiltInFunction.len)
    global_symbol_table.set("RUN", BuiltInFunction.run)


[OPEARTOR]:
TT_INT				= 'INT'
TT_FLOAT    	= 'FLOAT'
TT_STRING			= 'STRING'
TT_IDENTIFIER	= 'IDENTIFIER'
TT_KEYWORD		= 'KEYWORD'
TT_PLUS     	= 'PLUS'
TT_MINUS    	= 'MINUS'
TT_MUL      	= 'MUL'
TT_DIV      	= 'DIV'
TT_POW				= 'POW'
TT_EQ					= 'EQ'
TT_LPAREN   	= 'LPAREN'
TT_RPAREN   	= 'RPAREN'
TT_LSQUARE    = 'LSQUARE'
TT_RSQUARE    = 'RSQUARE'
TT_EE					= 'EE'
TT_NE					= 'NE'
TT_LT					= 'LT'
TT_GT					= 'GT'
TT_LTE				= 'LTE'
TT_GTE				= 'GTE'
TT_COMMA			= 'COMMA'
TT_ARROW			= 'ARROW'
TT_NEWLINE		= 'NEWLINE'
TT_EOF				= 'EOF'

[VESION] = 1.0
[SNAPSHOT] = 1w242
[THEME] = *unkown

[TOP_SYNTAX] = 'PRINT'
[TOP_SYNTAX_NUMBER] = '010203'

[TOP_SNAPSHOT] = '1w242'